<?xml version="1.0" encoding="UTF-8"?>
<!-- Generated by org.testng.reporters.JUnitReportReporter -->
<testsuite skipped="0" hostname="Users-Device.home" name="com.demoQA.tests.smokeTests" tests="1" failures="0" timestamp="2020-04-14T14:39:05 EDT" time="5.364" errors="0">
  <testcase name="fillPageInfo" time="5.364" classname="com.demoQA.tests.smokeTests"/>
  <system-out/>
</testsuite> <!-- com.demoQA.tests.smokeTests -->
